2025-10-28 08:28:08,964 INFO Logging to /jetson-inference/data/assignment/detections.log
2025-10-28 08:28:15,222 INFO Input=v4l2:///dev/video0 Output=display://0 Anomalies=['laptop', 'person'] MaxPersons=None
2025-10-28 08:28:18,392 INFO Normal : keyboard (88.4%)
2025-10-28 08:28:18,464 INFO Normal : keyboard (89.9%)
2025-10-28 08:28:18,488 INFO Normal : keyboard (85.6%)
2025-10-28 08:28:18,551 INFO Normal : keyboard (89.6%)
2025-10-28 08:28:18,615 INFO Normal : keyboard (88.5%)
2025-10-28 08:28:18,682 INFO Normal : keyboard (90.4%)
2025-10-28 08:28:18,756 INFO Normal : keyboard (89.3%)
2025-10-28 08:28:18,810 INFO Normal : keyboard (89.2%)
2025-10-28 08:28:18,880 INFO Normal : keyboard (85.5%)
2025-10-28 08:28:18,944 INFO Normal : keyboard (87.8%)
2025-10-28 08:28:19,012 INFO Normal : keyboard (86.0%)
2025-10-28 08:28:19,080 INFO Normal : keyboard (89.1%)
2025-10-28 08:28:19,143 INFO Normal : keyboard (88.2%)
2025-10-28 08:28:19,212 INFO Normal : keyboard (90.2%)
2025-10-28 08:28:19,275 INFO Normal : keyboard (86.5%)
2025-10-28 08:28:19,343 INFO Normal : keyboard (87.1%)
2025-10-28 08:28:19,412 INFO Normal : keyboard (84.7%)
2025-10-28 08:28:19,476 INFO Normal : keyboard (83.9%)
2025-10-28 08:28:19,544 INFO Normal : keyboard (73.8%)
2025-10-28 08:28:19,605 INFO Normal : keyboard (87.6%)
2025-10-28 08:28:19,676 INFO Normal : keyboard (86.8%)
2025-10-28 08:28:19,744 INFO Normal : keyboard (89.6%)
2025-10-28 08:28:19,808 INFO Normal : keyboard (91.6%)
2025-10-28 08:28:19,877 INFO Normal : keyboard (95.5%)
2025-10-28 08:28:19,940 INFO Normal : keyboard (95.8%)
2025-10-28 08:28:20,008 INFO Normal : keyboard (94.9%)
2025-10-28 08:28:20,069 INFO Normal : keyboard (94.6%)
2025-10-28 08:28:20,140 INFO Normal : keyboard (96.7%)
2025-10-28 08:28:20,208 INFO Normal : keyboard (96.0%)
2025-10-28 08:28:20,270 INFO Normal : keyboard (88.4%)
2025-10-28 08:28:20,338 INFO Normal : keyboard (94.8%)
2025-10-28 08:28:20,404 INFO Normal : keyboard (94.0%)
2025-10-28 08:28:20,472 INFO Normal : keyboard (96.8%)
2025-10-28 08:28:20,540 INFO Normal : keyboard (95.8%)
2025-10-28 08:28:20,605 INFO Normal : keyboard (95.1%)
2025-10-28 08:28:20,673 INFO Normal : keyboard (96.0%)
2025-10-28 08:28:20,737 INFO Normal : keyboard (95.8%)
2025-10-28 08:28:20,805 INFO Normal : keyboard (93.6%)
2025-10-28 08:28:20,872 INFO Normal : keyboard (89.4%)
2025-10-28 08:28:20,873 INFO Normal : mouse (60.3%)
2025-10-28 08:28:20,937 INFO Normal : keyboard (89.2%)
2025-10-28 08:28:21,005 INFO Normal : keyboard (93.2%)
2025-10-28 08:28:21,069 INFO Normal : keyboard (97.0%)
2025-10-28 08:28:21,137 INFO Normal : keyboard (97.1%)
2025-10-28 08:28:21,205 INFO Normal : keyboard (96.9%)
2025-10-28 08:28:21,268 INFO Normal : keyboard (95.9%)
2025-10-28 08:28:21,336 INFO Normal : keyboard (97.8%)
2025-10-28 08:28:21,399 INFO Normal : bed (83.7%)
2025-10-28 08:28:21,535 INFO Normal : book (88.5%)
2025-10-28 08:28:21,599 INFO Normal : book (96.8%)
2025-10-28 08:28:21,600 INFO ANOMALY: laptop (59.8%)
2025-10-28 08:28:21,735 INFO Saved snapshot: /jetson-inference/data/assignment/anomaly_images/anomaly_20251028_082821.jpg
2025-10-28 08:28:21,745 INFO ANOMALY: laptop (81.6%)
2025-10-28 08:28:21,745 INFO Normal : tv (65.7%)
2025-10-28 08:28:21,866 INFO Saved snapshot: /jetson-inference/data/assignment/anomaly_images/anomaly_20251028_082821.jpg
2025-10-28 08:28:21,875 INFO ANOMALY: laptop (98.7%)
2025-10-28 08:28:22,002 INFO Saved snapshot: /jetson-inference/data/assignment/anomaly_images/anomaly_20251028_082821.jpg
2025-10-28 08:28:22,012 INFO Normal : tv (97.6%)
2025-10-28 08:28:22,046 INFO Normal : tv (98.1%)
2025-10-28 08:28:22,089 INFO ANOMALY: laptop (92.2%)
2025-10-28 08:28:22,090 INFO Normal : tv (73.5%)
2025-10-28 08:28:22,226 INFO Saved snapshot: /jetson-inference/data/assignment/anomaly_images/anomaly_20251028_082822.jpg
2025-10-28 08:28:22,241 INFO ANOMALY: laptop (90.3%)
2025-10-28 08:28:22,385 INFO Saved snapshot: /jetson-inference/data/assignment/anomaly_images/anomaly_20251028_082822.jpg
2025-10-28 08:28:22,395 INFO ANOMALY: laptop (80.9%)
2025-10-28 08:28:22,395 INFO Normal : tv (64.1%)
2025-10-28 08:28:22,534 INFO Saved snapshot: /jetson-inference/data/assignment/anomaly_images/anomaly_20251028_082822.jpg
2025-10-28 08:28:22,544 INFO ANOMALY: laptop (92.7%)
2025-10-28 08:28:22,544 INFO Normal : tv (69.5%)
2025-10-28 08:28:22,689 INFO Saved snapshot: /jetson-inference/data/assignment/anomaly_images/anomaly_20251028_082822.jpg
2025-10-28 08:28:22,699 INFO Normal : tv (82.5%)
2025-10-28 08:28:22,712 INFO Normal : tv (94.6%)
2025-10-28 08:28:22,740 INFO Normal : tv (89.8%)
2025-10-28 08:28:22,771 INFO Normal : tv (93.6%)
2025-10-28 08:28:22,806 INFO Normal : tv (88.9%)
2025-10-28 08:28:22,807 INFO ANOMALY: laptop (72.1%)
2025-10-28 08:28:22,954 INFO Saved snapshot: /jetson-inference/data/assignment/anomaly_images/anomaly_20251028_082822.jpg
2025-10-28 08:28:22,963 INFO Normal : tv (89.9%)
2025-10-28 08:28:22,976 INFO Normal : tv (86.9%)
2025-10-28 08:28:22,977 INFO ANOMALY: laptop (83.3%)
2025-10-28 08:28:23,126 INFO Saved snapshot: /jetson-inference/data/assignment/anomaly_images/anomaly_20251028_082822.jpg
2025-10-28 08:28:23,139 INFO ANOMALY: laptop (89.5%)
2025-10-28 08:28:23,140 INFO Normal : tv (81.3%)
2025-10-28 08:28:23,288 INFO Saved snapshot: /jetson-inference/data/assignment/anomaly_images/anomaly_20251028_082823.jpg
2025-10-28 08:28:23,298 INFO Normal : tv (92.2%)
2025-10-28 08:28:23,311 INFO Normal : tv (61.8%)
2025-10-28 08:28:23,342 INFO Normal : tv (91.8%)
2025-10-28 08:28:23,370 INFO Normal : tv (88.3%)
2025-10-28 08:28:23,409 INFO ANOMALY: laptop (52.1%)
2025-10-28 08:28:23,409 INFO Normal : tv (96.4%)
2025-10-28 08:28:23,564 INFO Saved snapshot: /jetson-inference/data/assignment/anomaly_images/anomaly_20251028_082823.jpg
2025-10-28 08:28:23,573 INFO ANOMALY: laptop (79.5%)
2025-10-28 08:28:23,574 INFO Normal : tv (89.0%)
2025-10-28 08:28:23,724 INFO Saved snapshot: /jetson-inference/data/assignment/anomaly_images/anomaly_20251028_082823.jpg
2025-10-28 08:28:23,735 INFO ANOMALY: laptop (91.6%)
2025-10-28 08:28:23,735 INFO Normal : tv (75.8%)
2025-10-28 08:28:23,886 INFO Saved snapshot: /jetson-inference/data/assignment/anomaly_images/anomaly_20251028_082823.jpg
2025-10-28 08:28:23,895 INFO ANOMALY: laptop (92.5%)
2025-10-28 08:28:23,896 INFO Normal : tv (70.6%)
2025-10-28 08:28:24,039 INFO Saved snapshot: /jetson-inference/data/assignment/anomaly_images/anomaly_20251028_082823.jpg
2025-10-28 08:28:24,048 INFO Normal : tv (68.2%)
2025-10-28 08:28:24,078 INFO Normal : book (56.6%)
2025-10-28 08:28:24,078 INFO Normal : cell phone (73.9%)
2025-10-28 08:28:24,427 INFO Normal : mouse (55.9%)
2025-10-28 08:28:24,495 INFO Normal : mouse (92.1%)
2025-10-28 08:28:24,561 INFO Normal : mouse (97.7%)
2025-10-28 08:28:24,628 INFO Normal : mouse (97.9%)
2025-10-28 08:28:24,696 INFO Normal : mouse (98.8%)
2025-10-28 08:28:24,761 INFO Normal : mouse (99.0%)
2025-10-28 08:28:24,829 INFO Normal : mouse (99.4%)
2025-10-28 08:28:24,896 INFO Normal : mouse (97.0%)
2025-10-28 08:28:24,960 INFO Normal : mouse (98.7%)
2025-10-28 08:28:25,028 INFO Normal : mouse (99.3%)
2025-10-28 08:28:25,093 INFO Normal : mouse (99.3%)
2025-10-28 08:28:25,161 INFO Normal : mouse (99.4%)
2025-10-28 08:28:25,229 INFO Normal : mouse (99.5%)
2025-10-28 08:28:25,292 INFO Normal : mouse (99.4%)
2025-10-28 08:28:25,361 INFO Normal : mouse (99.4%)
2025-10-28 08:28:25,425 INFO Normal : mouse (99.4%)
2025-10-28 08:28:25,492 INFO Normal : mouse (98.8%)
2025-10-28 08:28:25,560 INFO Normal : mouse (99.0%)
2025-10-28 08:28:25,625 INFO Normal : mouse (99.2%)
2025-10-28 08:28:25,692 INFO Normal : mouse (98.6%)
2025-10-28 08:28:25,756 INFO Normal : mouse (97.9%)
2025-10-28 08:28:25,823 INFO Normal : mouse (97.1%)
2025-10-28 08:28:25,891 INFO Normal : mouse (94.7%)
2025-10-28 08:28:26,354 INFO Normal : bed (67.9%)
2025-10-28 08:28:26,620 INFO Normal : suitcase (61.5%)
2025-10-28 08:28:26,687 INFO Normal : mouse (89.8%)
2025-10-28 08:28:26,752 INFO Normal : mouse (57.5%)
2025-10-28 08:28:26,951 INFO Normal : bed (70.8%)
2025-10-28 08:28:27,019 INFO Normal : cat (68.3%)
2025-10-28 08:28:27,153 INFO Normal : cell phone (97.1%)
2025-10-28 08:28:27,216 INFO Normal : cell phone (96.7%)
2025-10-28 08:28:27,284 INFO Normal : cell phone (88.8%)
2025-10-28 08:28:27,617 INFO Normal : cell phone (79.2%)
2025-10-28 08:28:27,686 INFO Normal : cell phone (99.2%)
2025-10-28 08:28:27,749 INFO Normal : cell phone (98.7%)
2025-10-28 08:28:27,818 INFO Normal : cell phone (98.5%)
2025-10-28 08:28:27,878 INFO Normal : cell phone (98.8%)
2025-10-28 08:28:27,949 INFO Normal : cell phone (99.1%)
2025-10-28 08:28:28,018 INFO Normal : cell phone (99.4%)
2025-10-28 08:28:28,081 INFO Normal : cell phone (97.7%)
2025-10-28 08:28:28,149 INFO Normal : cell phone (98.9%)
2025-10-28 08:28:28,213 INFO Normal : cell phone (98.7%)
2025-10-28 08:28:28,281 INFO Normal : cell phone (96.7%)
2025-10-28 08:28:28,350 INFO Normal : cell phone (98.3%)
2025-10-28 08:28:28,413 INFO Normal : cell phone (98.3%)
2025-10-28 08:28:28,477 INFO Normal : cell phone (99.3%)
2025-10-28 08:28:28,544 INFO Normal : cell phone (99.2%)
2025-10-28 08:28:28,614 INFO Normal : cell phone (99.2%)
2025-10-28 08:28:28,681 INFO Normal : cell phone (95.3%)
2025-10-28 08:28:29,144 INFO Normal : book (59.9%)
2025-10-28 08:28:29,209 INFO ANOMALY: laptop (90.7%)
2025-10-28 08:28:29,363 INFO Saved snapshot: /jetson-inference/data/assignment/anomaly_images/anomaly_20251028_082829.jpg
2025-10-28 08:28:29,412 INFO ANOMALY: laptop (92.1%)
2025-10-28 08:28:29,547 INFO Saved snapshot: /jetson-inference/data/assignment/anomaly_images/anomaly_20251028_082829.jpg
2025-10-28 08:28:29,559 INFO ANOMALY: laptop (89.6%)
2025-10-28 08:28:29,559 INFO Normal : keyboard (74.7%)
2025-10-28 08:28:29,694 INFO Saved snapshot: /jetson-inference/data/assignment/anomaly_images/anomaly_20251028_082829.jpg
2025-10-28 08:28:29,708 INFO ANOMALY: laptop (86.1%)
2025-10-28 08:28:29,844 INFO Saved snapshot: /jetson-inference/data/assignment/anomaly_images/anomaly_20251028_082829.jpg
2025-10-28 08:28:29,855 INFO ANOMALY: laptop (69.7%)
2025-10-28 08:28:29,989 INFO Saved snapshot: /jetson-inference/data/assignment/anomaly_images/anomaly_20251028_082829.jpg
2025-10-28 08:28:29,998 INFO ANOMALY: laptop (95.3%)
2025-10-28 08:28:30,139 INFO Saved snapshot: /jetson-inference/data/assignment/anomaly_images/anomaly_20251028_082829.jpg
2025-10-28 08:28:30,148 INFO ANOMALY: laptop (94.1%)
2025-10-28 08:28:30,288 INFO Saved snapshot: /jetson-inference/data/assignment/anomaly_images/anomaly_20251028_082830.jpg
2025-10-28 08:28:30,298 INFO ANOMALY: laptop (95.8%)
2025-10-28 08:28:30,440 INFO Saved snapshot: /jetson-inference/data/assignment/anomaly_images/anomaly_20251028_082830.jpg
2025-10-28 08:28:30,449 INFO ANOMALY: laptop (96.6%)
2025-10-28 08:28:30,592 INFO Saved snapshot: /jetson-inference/data/assignment/anomaly_images/anomaly_20251028_082830.jpg
2025-10-28 08:28:30,605 INFO ANOMALY: laptop (95.4%)
2025-10-28 08:28:30,744 INFO Saved snapshot: /jetson-inference/data/assignment/anomaly_images/anomaly_20251028_082830.jpg
2025-10-28 08:28:30,755 INFO ANOMALY: laptop (95.2%)
2025-10-28 08:28:30,889 INFO Saved snapshot: /jetson-inference/data/assignment/anomaly_images/anomaly_20251028_082830.jpg
2025-10-28 08:28:30,899 INFO ANOMALY: laptop (94.7%)
2025-10-28 08:28:31,042 INFO Saved snapshot: /jetson-inference/data/assignment/anomaly_images/anomaly_20251028_082830.jpg
2025-10-28 08:28:31,055 INFO ANOMALY: laptop (92.4%)
2025-10-28 08:28:31,190 INFO Saved snapshot: /jetson-inference/data/assignment/anomaly_images/anomaly_20251028_082831.jpg
2025-10-28 08:28:31,199 INFO ANOMALY: laptop (91.9%)
2025-10-28 08:28:31,338 INFO Saved snapshot: /jetson-inference/data/assignment/anomaly_images/anomaly_20251028_082831.jpg
2025-10-28 08:28:31,348 INFO ANOMALY: laptop (93.2%)
2025-10-28 08:28:31,488 INFO Saved snapshot: /jetson-inference/data/assignment/anomaly_images/anomaly_20251028_082831.jpg
2025-10-28 08:28:31,498 INFO ANOMALY: laptop (91.4%)
2025-10-28 08:28:31,640 INFO Saved snapshot: /jetson-inference/data/assignment/anomaly_images/anomaly_20251028_082831.jpg
2025-10-28 08:28:31,650 INFO ANOMALY: laptop (93.4%)
2025-10-28 08:28:31,797 INFO Saved snapshot: /jetson-inference/data/assignment/anomaly_images/anomaly_20251028_082831.jpg
2025-10-28 08:28:31,806 INFO ANOMALY: laptop (93.8%)
2025-10-28 08:28:31,947 INFO Saved snapshot: /jetson-inference/data/assignment/anomaly_images/anomaly_20251028_082831.jpg
2025-10-28 08:28:32,458 INFO Normal : bird (62.9%)
2025-10-28 08:28:32,859 INFO Normal : keyboard (85.3%)
2025-10-28 08:28:32,928 INFO Normal : keyboard (89.8%)
2025-10-28 08:28:32,928 INFO Normal : remote (80.9%)
2025-10-28 08:28:33,260 INFO Normal : book (57.4%)
2025-10-28 08:28:33,457 INFO Normal : bed (74.3%)
2025-10-28 08:28:33,589 INFO ANOMALY: person (74.2%)
2025-10-28 08:28:33,723 INFO Saved snapshot: /jetson-inference/data/assignment/anomaly_images/anomaly_20251028_082833.jpg
2025-10-28 08:28:33,738 INFO Normal : bed (55.8%)
2025-10-28 08:28:33,920 INFO Normal : bed (66.6%)
2025-10-28 08:28:34,119 INFO Normal : scissors (85.0%)
2025-10-28 08:28:34,119 INFO Normal : scissors (59.7%)
2025-10-28 08:28:34,189 INFO Normal : scissors (79.5%)
2025-10-28 08:28:34,652 INFO Normal : bed (50.9%)
2025-10-28 08:28:35,976 INFO Normal : cat (60.2%)
2025-10-28 08:28:36,313 INFO Normal : cell phone (58.3%)
2025-10-28 08:28:36,377 INFO Normal : cell phone (55.2%)
2025-10-28 08:28:36,512 INFO ANOMALY: person (59.3%)
2025-10-28 08:28:36,659 INFO Saved snapshot: /jetson-inference/data/assignment/anomaly_images/anomaly_20251028_082836.jpg
2025-10-28 08:28:36,675 INFO Normal : cell phone (79.9%)
2025-10-28 08:28:36,709 INFO Normal : cell phone (77.6%)
2025-10-28 08:28:36,777 INFO Normal : cell phone (92.0%)
2025-10-28 08:28:36,845 INFO Normal : cell phone (80.3%)
2025-10-28 08:28:36,909 INFO Normal : cell phone (97.5%)
2025-10-28 08:28:36,977 INFO Normal : cell phone (94.3%)
2025-10-28 08:28:37,041 INFO Normal : cell phone (65.5%)
2025-10-28 08:28:37,110 INFO Normal : cell phone (63.3%)
2025-10-28 08:28:37,178 INFO Normal : cell phone (78.6%)
2025-10-28 08:28:37,242 INFO Normal : suitcase (64.2%)
2025-10-28 08:28:37,310 INFO Normal : cell phone (84.1%)
2025-10-28 08:28:37,441 INFO Normal : cell phone (79.2%)
2025-10-28 08:28:37,509 INFO Normal : cell phone (87.5%)
2025-10-28 08:28:38,168 INFO Normal : bed (67.6%)
2025-10-28 08:28:38,304 INFO Normal : car (63.6%)
2025-10-28 08:28:38,436 INFO ANOMALY: person (73.6%)
2025-10-28 08:28:38,575 INFO Saved snapshot: /jetson-inference/data/assignment/anomaly_images/anomaly_20251028_082838.jpg
2025-10-28 08:28:38,591 INFO ANOMALY: person (74.6%)
2025-10-28 08:28:38,712 INFO Saved snapshot: /jetson-inference/data/assignment/anomaly_images/anomaly_20251028_082838.jpg
2025-10-28 08:28:38,829 INFO ANOMALY: person (74.6%)
2025-10-28 08:28:38,951 INFO Saved snapshot: /jetson-inference/data/assignment/anomaly_images/anomaly_20251028_082838.jpg
2025-10-28 08:28:38,964 INFO ANOMALY: person (77.5%)
2025-10-28 08:28:39,083 INFO Saved snapshot: /jetson-inference/data/assignment/anomaly_images/anomaly_20251028_082838.jpg
2025-10-28 08:28:39,097 INFO ANOMALY: person (88.1%)
2025-10-28 08:28:39,220 INFO Saved snapshot: /jetson-inference/data/assignment/anomaly_images/anomaly_20251028_082839.jpg
2025-10-28 08:28:39,236 INFO ANOMALY: person (86.6%)
2025-10-28 08:28:39,359 INFO Saved snapshot: /jetson-inference/data/assignment/anomaly_images/anomaly_20251028_082839.jpg
2025-10-28 08:28:39,375 INFO ANOMALY: person (87.3%)
2025-10-28 08:28:39,503 INFO Saved snapshot: /jetson-inference/data/assignment/anomaly_images/anomaly_20251028_082839.jpg
2025-10-28 08:28:39,519 INFO ANOMALY: person (88.9%)
2025-10-28 08:28:39,645 INFO Saved snapshot: /jetson-inference/data/assignment/anomaly_images/anomaly_20251028_082839.jpg
2025-10-28 08:28:39,659 INFO ANOMALY: person (88.4%)
2025-10-28 08:28:39,785 INFO Saved snapshot: /jetson-inference/data/assignment/anomaly_images/anomaly_20251028_082839.jpg
2025-10-28 08:28:39,796 INFO ANOMALY: person (87.0%)
2025-10-28 08:28:39,921 INFO Saved snapshot: /jetson-inference/data/assignment/anomaly_images/anomaly_20251028_082839.jpg
2025-10-28 08:28:39,934 INFO ANOMALY: person (92.1%)
2025-10-28 08:28:40,059 INFO Saved snapshot: /jetson-inference/data/assignment/anomaly_images/anomaly_20251028_082839.jpg
2025-10-28 08:28:40,074 INFO ANOMALY: person (89.9%)
2025-10-28 08:28:40,199 INFO Saved snapshot: /jetson-inference/data/assignment/anomaly_images/anomaly_20251028_082840.jpg
2025-10-28 08:28:40,213 INFO ANOMALY: person (56.9%)
2025-10-28 08:28:40,335 INFO Saved snapshot: /jetson-inference/data/assignment/anomaly_images/anomaly_20251028_082840.jpg
2025-10-28 08:28:40,348 INFO ANOMALY: person (64.3%)
2025-10-28 08:28:40,474 INFO Saved snapshot: /jetson-inference/data/assignment/anomaly_images/anomaly_20251028_082840.jpg
2025-10-28 08:28:40,489 INFO ANOMALY: person (62.0%)
2025-10-28 08:28:40,613 INFO Saved snapshot: /jetson-inference/data/assignment/anomaly_images/anomaly_20251028_082840.jpg
2025-10-28 08:28:40,625 INFO ANOMALY: person (80.2%)
2025-10-28 08:28:40,750 INFO Saved snapshot: /jetson-inference/data/assignment/anomaly_images/anomaly_20251028_082840.jpg
2025-10-28 08:28:40,765 INFO ANOMALY: person (50.5%)
2025-10-28 08:28:40,893 INFO Saved snapshot: /jetson-inference/data/assignment/anomaly_images/anomaly_20251028_082840.jpg
2025-10-28 08:28:41,092 INFO Normal : tie (68.0%)
2025-10-28 08:28:41,156 INFO Normal : tie (55.2%)
2025-10-28 08:28:41,224 INFO Normal : keyboard (68.7%)
2025-10-28 08:28:41,356 INFO ANOMALY: person (54.3%)
2025-10-28 08:28:41,498 INFO Saved snapshot: /jetson-inference/data/assignment/anomaly_images/anomaly_20251028_082841.jpg
2025-10-28 08:28:41,511 INFO ANOMALY: person (80.2%)
2025-10-28 08:28:41,641 INFO Saved snapshot: /jetson-inference/data/assignment/anomaly_images/anomaly_20251028_082841.jpg
2025-10-28 08:28:41,657 INFO ANOMALY: person (72.4%)
2025-10-28 08:28:41,789 INFO Saved snapshot: /jetson-inference/data/assignment/anomaly_images/anomaly_20251028_082841.jpg
2025-10-28 08:28:41,803 INFO ANOMALY: person (79.4%)
2025-10-28 08:28:41,936 INFO Saved snapshot: /jetson-inference/data/assignment/anomaly_images/anomaly_20251028_082841.jpg
2025-10-28 08:28:41,949 INFO ANOMALY: person (82.2%)
2025-10-28 08:28:42,082 INFO Saved snapshot: /jetson-inference/data/assignment/anomaly_images/anomaly_20251028_082841.jpg
2025-10-28 08:28:42,096 INFO ANOMALY: person (79.7%)
2025-10-28 08:28:42,228 INFO Saved snapshot: /jetson-inference/data/assignment/anomaly_images/anomaly_20251028_082842.jpg
2025-10-28 08:28:42,242 INFO ANOMALY: person (75.7%)
2025-10-28 08:28:42,375 INFO Saved snapshot: /jetson-inference/data/assignment/anomaly_images/anomaly_20251028_082842.jpg
2025-10-28 08:28:42,390 INFO ANOMALY: person (73.4%)
2025-10-28 08:28:42,521 INFO Saved snapshot: /jetson-inference/data/assignment/anomaly_images/anomaly_20251028_082842.jpg
2025-10-28 08:28:43,016 INFO Normal : cat (61.8%)
2025-10-28 08:28:43,016 INFO Normal : bed (62.0%)
2025-10-28 08:28:43,080 INFO Normal : dog (52.9%)
2025-10-28 08:28:43,215 INFO Normal : bed (52.0%)
2025-10-28 08:28:43,216 INFO Normal : bed (61.9%)
2025-10-28 08:28:43,479 INFO Normal : mouse (54.8%)
2025-10-28 08:28:43,611 INFO Normal : bed (91.1%)
2025-10-28 08:28:43,680 INFO Normal : keyboard (83.8%)
2025-10-28 08:28:43,681 INFO Normal : mouse (98.6%)
2025-10-28 08:28:43,744 INFO Normal : mouse (70.9%)
2025-10-28 08:28:43,880 INFO Normal : keyboard (94.0%)
2025-10-28 08:28:43,881 INFO Normal : mouse (52.1%)
2025-10-28 08:28:43,944 INFO Normal : keyboard (92.2%)
2025-10-28 08:28:43,945 INFO Normal : mouse (65.8%)
2025-10-28 08:28:44,012 INFO Normal : keyboard (80.5%)
2025-10-28 08:28:44,013 INFO Normal : mouse (74.2%)
2025-10-28 08:28:44,076 INFO Normal : bed (54.9%)
2025-10-28 08:28:44,144 INFO Normal : keyboard (72.9%)
2025-10-28 08:28:44,145 INFO ANOMALY: person (51.1%)
2025-10-28 08:28:44,296 INFO Saved snapshot: /jetson-inference/data/assignment/anomaly_images/anomaly_20251028_082844.jpg
2025-10-28 08:28:44,305 INFO Normal : keyboard (88.3%)
2025-10-28 08:28:44,344 INFO Normal : keyboard (84.6%)
2025-10-28 08:28:44,409 INFO Normal : keyboard (88.9%)
2025-10-28 08:28:44,477 INFO Normal : keyboard (90.6%)
2025-10-28 08:28:44,544 INFO Normal : keyboard (92.1%)
2025-10-28 08:28:44,609 INFO Normal : keyboard (96.4%)
2025-10-28 08:28:44,677 INFO Normal : keyboard (95.3%)
2025-10-28 08:28:44,741 INFO Normal : keyboard (97.2%)
2025-10-28 08:28:44,808 INFO Normal : keyboard (98.2%)
2025-10-28 08:28:44,871 INFO Normal : keyboard (96.4%)
2025-10-28 08:28:44,941 INFO Normal : keyboard (93.2%)
2025-10-28 08:28:45,008 INFO Normal : keyboard (94.4%)
2025-10-28 08:28:45,073 INFO Normal : keyboard (93.2%)
2025-10-28 08:28:45,141 INFO Normal : keyboard (82.1%)
2025-10-28 08:28:45,205 INFO Normal : keyboard (85.6%)
2025-10-28 08:28:45,273 INFO Normal : keyboard (87.9%)
2025-10-28 08:28:45,341 INFO Normal : keyboard (91.3%)
2025-10-28 08:28:45,405 INFO Normal : keyboard (93.4%)
2025-10-28 08:28:45,474 INFO Normal : keyboard (92.1%)
2025-10-28 08:28:45,538 INFO Normal : keyboard (94.6%)
2025-10-28 08:28:45,606 INFO Normal : keyboard (94.6%)
2025-10-28 08:28:45,675 INFO Normal : keyboard (92.9%)
2025-10-28 08:28:45,738 INFO Normal : keyboard (91.3%)
2025-10-28 08:28:45,806 INFO Normal : keyboard (85.9%)
2025-10-28 08:28:45,869 INFO Normal : keyboard (84.4%)
2025-10-28 08:28:45,937 INFO Normal : keyboard (79.0%)
2025-10-28 08:28:46,006 INFO Normal : keyboard (84.9%)
2025-10-28 08:28:46,071 INFO Normal : keyboard (83.7%)
2025-10-28 08:28:46,138 INFO Normal : keyboard (90.4%)
2025-10-28 08:28:46,202 INFO Normal : keyboard (91.5%)
2025-10-28 08:28:46,270 INFO Normal : keyboard (92.3%)
2025-10-28 08:28:46,338 INFO Normal : keyboard (94.3%)
2025-10-28 08:28:46,401 INFO Normal : keyboard (93.7%)
2025-10-28 08:28:46,470 INFO Normal : keyboard (94.9%)
2025-10-28 08:28:46,533 INFO Normal : keyboard (94.9%)
2025-10-28 08:28:46,601 INFO Normal : keyboard (93.4%)
2025-10-28 08:28:46,668 INFO Normal : keyboard (87.4%)
2025-10-28 08:28:46,732 INFO Normal : bed (72.2%)
2025-10-28 08:28:46,800 INFO Normal : keyboard (96.6%)
2025-10-28 08:28:46,801 INFO Normal : mouse (70.6%)
2025-10-28 08:28:46,865 INFO Normal : keyboard (96.4%)
2025-10-28 08:28:46,932 INFO Normal : keyboard (95.0%)
2025-10-28 08:28:47,001 INFO Normal : keyboard (93.3%)
2025-10-28 08:28:47,066 INFO Normal : keyboard (96.7%)
2025-10-28 08:28:47,066 INFO ANOMALY: person (52.8%)
2025-10-28 08:28:47,229 INFO Saved snapshot: /jetson-inference/data/assignment/anomaly_images/anomaly_20251028_082847.jpg
2025-10-28 08:28:47,242 INFO Normal : keyboard (96.3%)
2025-10-28 08:28:47,242 INFO ANOMALY: person (51.1%)
2025-10-28 08:28:47,385 INFO Saved snapshot: /jetson-inference/data/assignment/anomaly_images/anomaly_20251028_082847.jpg
2025-10-28 08:28:47,396 INFO Normal : keyboard (96.4%)
2025-10-28 08:28:47,409 INFO Normal : keyboard (95.9%)
2025-10-28 08:28:47,460 INFO Normal : keyboard (84.5%)
2025-10-28 08:28:47,597 INFO Normal : keyboard (98.6%)
2025-10-28 08:28:47,662 INFO Normal : keyboard (97.0%)
2025-10-28 08:28:47,727 INFO Normal : keyboard (98.9%)
2025-10-28 08:28:47,798 INFO Normal : keyboard (99.1%)
2025-10-28 08:28:47,859 INFO Normal : keyboard (99.3%)
2025-10-28 08:28:47,929 INFO Normal : keyboard (99.2%)
2025-10-28 08:28:47,994 INFO Normal : keyboard (98.6%)
2025-10-28 08:28:48,062 INFO Normal : keyboard (98.6%)
2025-10-28 08:28:48,129 INFO Normal : keyboard (97.5%)
2025-10-28 08:28:48,193 INFO Normal : keyboard (98.8%)
2025-10-28 08:28:48,261 INFO Normal : keyboard (98.6%)
2025-10-28 08:28:48,325 INFO Normal : keyboard (99.1%)
2025-10-28 08:28:48,923 INFO Normal : cat (56.6%)
2025-10-28 08:28:49,056 INFO ANOMALY: laptop (87.0%)
2025-10-28 08:28:49,191 INFO Saved snapshot: /jetson-inference/data/assignment/anomaly_images/anomaly_20251028_082849.jpg
2025-10-28 08:28:49,204 INFO ANOMALY: laptop (70.0%)
2025-10-28 08:28:49,338 INFO Saved snapshot: /jetson-inference/data/assignment/anomaly_images/anomaly_20251028_082849.jpg
2025-10-28 08:28:49,347 INFO ANOMALY: laptop (82.3%)
2025-10-28 08:28:49,347 INFO Normal : keyboard (55.5%)
2025-10-28 08:28:49,470 INFO Saved snapshot: /jetson-inference/data/assignment/anomaly_images/anomaly_20251028_082849.jpg
2025-10-28 08:28:49,515 INFO ANOMALY: laptop (64.7%)
2025-10-28 08:28:49,639 INFO Saved snapshot: /jetson-inference/data/assignment/anomaly_images/anomaly_20251028_082849.jpg
2025-10-28 08:28:49,648 INFO ANOMALY: laptop (89.8%)
2025-10-28 08:28:49,775 INFO Saved snapshot: /jetson-inference/data/assignment/anomaly_images/anomaly_20251028_082849.jpg
2025-10-28 08:28:49,788 INFO ANOMALY: laptop (68.3%)
2025-10-28 08:28:49,907 INFO Saved snapshot: /jetson-inference/data/assignment/anomaly_images/anomaly_20251028_082849.jpg
2025-10-28 08:28:49,918 INFO Normal : bed (57.2%)
2025-10-28 08:28:49,918 INFO ANOMALY: laptop (70.0%)
2025-10-28 08:28:50,043 INFO Saved snapshot: /jetson-inference/data/assignment/anomaly_images/anomaly_20251028_082849.jpg
2025-10-28 08:28:50,054 INFO ANOMALY: laptop (73.5%)
2025-10-28 08:28:50,175 INFO Saved snapshot: /jetson-inference/data/assignment/anomaly_images/anomaly_20251028_082850.jpg
2025-10-28 08:28:50,186 INFO Normal : tv (59.0%)
2025-10-28 08:28:50,251 INFO Normal : tv (62.6%)
2025-10-28 08:28:50,780 INFO ANOMALY: person (78.4%)
2025-10-28 08:28:50,781 INFO Normal : chair (62.5%)
2025-10-28 08:28:50,928 INFO Saved snapshot: /jetson-inference/data/assignment/anomaly_images/anomaly_20251028_082850.jpg
2025-10-28 08:28:50,938 INFO Normal : chair (76.2%)
2025-10-28 08:28:50,938 INFO Normal : chair (52.3%)
2025-10-28 08:28:50,938 INFO Normal : dog (88.8%)
2025-10-28 08:28:50,977 INFO Normal : chair (92.5%)
2025-10-28 08:28:50,978 INFO Normal : dog (90.1%)
2025-10-28 08:28:51,049 INFO Normal : chair (96.7%)
2025-10-28 08:28:51,049 INFO ANOMALY: person (57.1%)
2025-10-28 08:28:51,049 INFO Normal : dog (65.2%)
2025-10-28 08:28:51,190 INFO Saved snapshot: /jetson-inference/data/assignment/anomaly_images/anomaly_20251028_082851.jpg
2025-10-28 08:28:51,201 INFO Normal : chair (97.0%)
2025-10-28 08:28:51,201 INFO Normal : dog (54.8%)
2025-10-28 08:28:51,245 INFO Normal : chair (70.3%)
2025-10-28 08:28:51,246 INFO Normal : chair (98.7%)
2025-10-28 08:28:51,311 INFO Normal : chair (53.1%)
2025-10-28 08:28:51,312 INFO Normal : chair (97.7%)
2025-10-28 08:28:51,312 INFO Normal : dog (50.5%)
2025-10-28 08:28:51,380 INFO Normal : chair (96.3%)
2025-10-28 08:28:51,444 INFO Normal : chair (92.7%)
2025-10-28 08:28:51,513 INFO Normal : chair (93.0%)
2025-10-28 08:28:51,577 INFO Normal : chair (94.5%)
2025-10-28 08:28:51,645 INFO Normal : chair (94.9%)
2025-10-28 08:28:51,712 INFO Normal : chair (96.0%)
2025-10-28 08:28:51,776 INFO Normal : chair (93.3%)
2025-10-28 08:28:51,777 INFO Normal : chair (52.1%)
2025-10-28 08:28:51,845 INFO Normal : chair (86.9%)
2025-10-28 08:28:51,845 INFO Normal : chair (86.5%)
2025-10-28 08:28:51,845 INFO Normal : chair (68.1%)
2025-10-28 08:28:51,909 INFO Normal : chair (75.7%)
2025-10-28 08:28:51,909 INFO ANOMALY: person (84.7%)
2025-10-28 08:28:52,053 INFO Saved snapshot: /jetson-inference/data/assignment/anomaly_images/anomaly_20251028_082851.jpg
2025-10-28 08:28:52,067 INFO Normal : chair (93.9%)
2025-10-28 08:28:52,068 INFO ANOMALY: person (83.2%)
2025-10-28 08:28:52,068 INFO Normal : chair (75.6%)
2025-10-28 08:28:52,192 INFO Saved snapshot: /jetson-inference/data/assignment/anomaly_images/anomaly_20251028_082852.jpg
2025-10-28 08:28:52,205 INFO ANOMALY: person (94.2%)
2025-10-28 08:28:52,206 INFO Normal : chair (99.5%)
2025-10-28 08:28:52,328 INFO Saved snapshot: /jetson-inference/data/assignment/anomaly_images/anomaly_20251028_082852.jpg
2025-10-28 08:28:52,338 INFO Normal : chair (94.8%)
2025-10-28 08:28:52,376 INFO Normal : chair (96.6%)
2025-10-28 08:28:52,440 INFO Normal : chair (95.0%)
2025-10-28 08:28:52,441 INFO Normal : chair (71.6%)
2025-10-28 08:28:52,508 INFO Normal : chair (53.9%)
2025-10-28 08:28:52,509 INFO Normal : chair (88.4%)
2025-10-28 08:28:52,509 INFO Normal : chair (50.9%)
2025-10-28 08:28:52,572 INFO Normal : chair (57.1%)
2025-10-28 08:28:52,573 INFO Normal : chair (85.4%)
2025-10-28 08:28:52,573 INFO Normal : chair (61.6%)
2025-10-28 08:28:52,640 INFO Normal : chair (64.5%)
2025-10-28 08:28:52,641 INFO Normal : chair (93.5%)
2025-10-28 08:28:52,641 INFO Normal : chair (68.0%)
2025-10-28 08:28:52,641 INFO Normal : chair (69.6%)
2025-10-28 08:28:52,708 INFO Normal : chair (62.0%)
2025-10-28 08:28:52,709 INFO Normal : chair (92.1%)
2025-10-28 08:28:52,709 INFO Normal : chair (67.5%)
2025-10-28 08:28:52,709 INFO Normal : chair (84.5%)
2025-10-28 08:28:52,772 INFO Normal : chair (77.1%)
2025-10-28 08:28:52,773 INFO Normal : chair (94.9%)
2025-10-28 08:28:52,773 INFO Normal : chair (69.3%)
2025-10-28 08:28:52,773 INFO Normal : chair (82.9%)
2025-10-28 08:28:52,841 INFO Normal : chair (94.8%)
2025-10-28 08:28:52,841 INFO Normal : chair (86.8%)
2025-10-28 08:28:52,841 INFO Normal : chair (68.9%)
2025-10-28 08:28:52,842 INFO Normal : chair (89.1%)
2025-10-28 08:28:52,904 INFO Normal : chair (97.3%)
2025-10-28 08:28:52,905 INFO Normal : chair (82.9%)
2025-10-28 08:28:52,905 INFO Normal : chair (88.1%)
2025-10-28 08:28:52,905 INFO Normal : chair (85.8%)
2025-10-28 08:28:52,972 INFO Normal : chair (92.2%)
2025-10-28 08:28:52,973 INFO Normal : chair (64.4%)
2025-10-28 08:28:52,973 INFO Normal : chair (93.5%)
2025-10-28 08:28:52,973 INFO Normal : chair (95.1%)
2025-10-28 08:28:53,040 INFO Normal : chair (90.5%)
2025-10-28 08:28:53,041 INFO Normal : chair (87.1%)
2025-10-28 08:28:53,041 INFO Normal : chair (66.4%)
2025-10-28 08:28:53,041 INFO Normal : chair (94.7%)
2025-10-28 08:28:53,104 INFO Normal : chair (52.0%)
2025-10-28 08:28:53,105 INFO Normal : chair (88.2%)
2025-10-28 08:28:53,105 INFO Normal : chair (91.4%)
2025-10-28 08:28:53,105 INFO Normal : chair (95.3%)
2025-10-28 08:28:53,173 INFO Normal : chair (88.1%)
2025-10-28 08:28:53,173 INFO Normal : chair (97.0%)
2025-10-28 08:28:53,173 INFO Normal : chair (96.2%)
2025-10-28 08:28:53,236 INFO Normal : chair (91.1%)
2025-10-28 08:28:53,237 INFO Normal : chair (61.0%)
2025-10-28 08:28:53,237 INFO Normal : chair (97.1%)
2025-10-28 08:28:53,237 INFO Normal : chair (96.0%)
2025-10-28 08:28:53,304 INFO Normal : chair (96.6%)
2025-10-28 08:28:53,304 INFO Normal : chair (97.9%)
2025-10-28 08:28:53,305 INFO Normal : chair (63.2%)
2025-10-28 08:28:53,305 INFO Normal : chair (97.3%)
2025-10-28 08:28:53,372 INFO Normal : chair (94.1%)
2025-10-28 08:28:53,372 INFO Normal : chair (96.6%)
2025-10-28 08:28:53,373 INFO Normal : chair (92.8%)
2025-10-28 08:28:53,436 INFO Normal : chair (95.3%)
2025-10-28 08:28:53,436 INFO Normal : chair (98.1%)
2025-10-28 08:28:53,437 INFO Normal : chair (96.5%)
2025-10-28 08:28:53,504 INFO Normal : chair (92.1%)
2025-10-28 08:28:53,505 INFO Normal : chair (98.6%)
2025-10-28 08:28:53,505 INFO Normal : chair (71.8%)
2025-10-28 08:28:53,505 INFO Normal : chair (96.4%)
2025-10-28 08:28:53,568 INFO Normal : chair (95.0%)
2025-10-28 08:28:53,569 INFO Normal : chair (56.9%)
2025-10-28 08:28:53,569 INFO Normal : chair (95.7%)
2025-10-28 08:28:53,569 INFO Normal : chair (90.3%)
2025-10-28 08:28:53,636 INFO Normal : chair (95.8%)
2025-10-28 08:28:53,637 INFO Normal : chair (95.8%)
2025-10-28 08:28:53,637 INFO Normal : chair (91.0%)
2025-10-28 08:28:53,704 INFO Normal : chair (95.1%)
2025-10-28 08:28:53,705 INFO Normal : chair (96.8%)
2025-10-28 08:28:53,705 INFO Normal : chair (55.6%)
2025-10-28 08:28:53,705 INFO Normal : chair (90.5%)
2025-10-28 08:28:53,768 INFO Normal : chair (92.4%)
2025-10-28 08:28:53,769 INFO Normal : chair (95.6%)
2025-10-28 08:28:53,769 INFO Normal : chair (94.9%)
2025-10-28 08:28:53,836 INFO Normal : chair (96.4%)
2025-10-28 08:28:53,837 INFO Normal : chair (97.9%)
2025-10-28 08:28:53,837 INFO Normal : chair (88.5%)
2025-10-28 08:28:53,900 INFO Normal : chair (92.3%)
2025-10-28 08:28:53,901 INFO Normal : chair (96.4%)
2025-10-28 08:28:53,901 INFO Normal : chair (96.3%)
2025-10-28 08:28:53,969 INFO Normal : chair (94.1%)
2025-10-28 08:28:53,969 INFO Normal : chair (97.8%)
2025-10-28 08:28:53,969 INFO Normal : chair (94.3%)
2025-10-28 08:28:54,032 INFO Normal : chair (62.4%)
2025-10-28 08:28:54,032 INFO Normal : chair (92.1%)
2025-10-28 08:28:54,033 INFO Normal : chair (96.1%)
2025-10-28 08:28:54,033 INFO Normal : chair (94.1%)
2025-10-28 08:28:54,100 INFO Normal : chair (86.6%)
2025-10-28 08:28:54,100 INFO Normal : chair (76.0%)
2025-10-28 08:28:54,432 INFO ANOMALY: person (75.1%)
2025-10-28 08:28:54,432 INFO ANOMALY: person (75.4%)
2025-10-28 08:28:54,569 INFO Saved snapshot: /jetson-inference/data/assignment/anomaly_images/anomaly_20251028_082854.jpg
2025-10-28 08:28:54,579 INFO Normal : chair (78.2%)
2025-10-28 08:28:54,579 INFO Normal : chair (66.5%)
2025-10-28 08:28:54,579 INFO Normal : backpack (56.8%)
2025-10-28 08:28:54,634 INFO Normal : chair (84.4%)
2025-10-28 08:28:54,635 INFO Normal : backpack (53.2%)
2025-10-28 08:28:54,697 INFO Normal : chair (79.4%)
2025-10-28 08:28:54,697 INFO Normal : backpack (70.3%)
2025-10-28 08:28:54,764 INFO Normal : chair (58.3%)
2025-10-28 08:28:54,765 INFO Normal : suitcase (69.4%)
2025-10-28 08:28:54,833 INFO Normal : chair (87.9%)
2025-10-28 08:28:54,833 INFO Normal : chair (65.5%)
2025-10-28 08:28:54,833 INFO Normal : backpack (75.5%)
2025-10-28 08:28:54,897 INFO Normal : chair (81.9%)
2025-10-28 08:28:54,965 INFO Normal : chair (87.1%)
2025-10-28 08:28:54,965 INFO Normal : dog (63.7%)
2025-10-28 08:28:54,965 INFO Normal : cat (63.7%)
2025-10-28 08:28:55,029 INFO Normal : chair (88.9%)
2025-10-28 08:28:55,029 INFO Normal : chair (78.4%)
2025-10-28 08:28:55,097 INFO Normal : chair (79.4%)
2025-10-28 08:28:55,165 INFO Normal : chair (89.9%)
2025-10-28 08:28:55,165 INFO Normal : chair (92.8%)
2025-10-28 08:28:55,229 INFO Normal : chair (75.4%)
2025-10-28 08:28:55,297 INFO Normal : chair (86.7%)
2025-10-28 08:28:55,297 INFO Normal : handbag (65.4%)
2025-10-28 08:28:55,361 INFO Normal : chair (90.8%)
2025-10-28 08:28:55,361 INFO Normal : handbag (64.9%)
2025-10-28 08:28:55,429 INFO Normal : chair (76.1%)
2025-10-28 08:28:55,429 INFO Normal : handbag (70.9%)
2025-10-28 08:28:55,497 INFO Normal : chair (86.2%)
2025-10-28 08:28:55,498 INFO Normal : handbag (58.4%)
2025-10-28 08:28:55,561 INFO Normal : chair (68.5%)
2025-10-28 08:28:55,562 INFO Normal : handbag (58.3%)
2025-10-28 08:28:55,629 INFO Normal : chair (87.9%)
2025-10-28 08:28:55,630 INFO Normal : handbag (78.6%)
2025-10-28 08:28:55,694 INFO Normal : chair (87.7%)
2025-10-28 08:28:55,695 INFO Normal : handbag (65.6%)
2025-10-28 08:28:55,762 INFO Normal : chair (84.0%)
2025-10-28 08:28:55,762 INFO Normal : handbag (60.2%)
2025-10-28 08:28:55,830 INFO Normal : chair (75.0%)
2025-10-28 08:28:55,830 INFO Normal : handbag (53.7%)
2025-10-28 08:28:55,894 INFO Normal : chair (95.6%)
2025-10-28 08:28:55,962 INFO Normal : chair (83.3%)
2025-10-28 08:28:55,962 INFO Normal : chair (50.1%)
2025-10-28 08:28:56,026 INFO Normal : chair (91.5%)
2025-10-28 08:28:56,026 INFO Normal : chair (72.1%)
2025-10-28 08:28:56,094 INFO Normal : chair (88.3%)
2025-10-28 08:28:56,094 INFO Normal : chair (72.0%)
2025-10-28 08:28:56,158 INFO Normal : chair (84.8%)
2025-10-28 08:28:56,159 INFO Normal : backpack (58.5%)
2025-10-28 08:28:56,226 INFO Normal : chair (86.4%)
2025-10-28 08:28:56,226 INFO Normal : backpack (56.7%)
2025-10-28 08:28:56,294 INFO Normal : chair (91.3%)
2025-10-28 08:28:56,294 INFO Normal : chair (83.8%)
2025-10-28 08:28:56,358 INFO ANOMALY: person (64.7%)
2025-10-28 08:28:56,358 INFO Normal : chair (89.1%)
2025-10-28 08:28:56,507 INFO Saved snapshot: /jetson-inference/data/assignment/anomaly_images/anomaly_20251028_082856.jpg
2025-10-28 08:28:56,522 INFO Normal : chair (76.7%)
2025-10-28 08:28:56,522 INFO Normal : chair (68.5%)
2025-10-28 08:28:56,626 INFO Normal : chair (51.1%)
2025-10-28 08:28:56,690 INFO Normal : chair (56.3%)
2025-10-28 08:28:56,758 INFO Normal : chair (53.0%)
2025-10-28 08:28:56,759 INFO Normal : backpack (54.8%)
2025-10-28 08:28:56,822 INFO Normal : chair (71.9%)
2025-10-28 08:28:56,823 INFO Normal : backpack (68.8%)
2025-10-28 08:28:56,891 INFO Normal : chair (75.9%)
2025-10-28 08:28:56,891 INFO Normal : backpack (74.4%)
2025-10-28 08:28:56,891 INFO Normal : backpack (55.9%)
2025-10-28 08:28:56,958 INFO Normal : chair (63.7%)
2025-10-28 08:28:56,959 INFO Normal : backpack (67.2%)
2025-10-28 08:28:57,022 INFO Normal : chair (52.9%)
2025-10-28 08:28:57,023 INFO Normal : backpack (74.2%)
2025-10-28 08:28:57,090 INFO Normal : backpack (71.8%)
2025-10-28 08:28:57,154 INFO Normal : chair (61.7%)
2025-10-28 08:28:57,155 INFO Normal : backpack (78.0%)
2025-10-28 08:28:57,222 INFO Normal : chair (59.8%)
2025-10-28 08:28:57,223 INFO Normal : backpack (80.2%)
2025-10-28 08:28:57,290 INFO Normal : chair (62.3%)
2025-10-28 08:28:57,354 INFO Normal : chair (65.8%)
2025-10-28 08:28:57,355 INFO Normal : backpack (56.1%)
2025-10-28 08:28:57,422 INFO Normal : backpack (59.6%)
2025-10-28 08:28:57,486 INFO Normal : chair (74.3%)
2025-10-28 08:28:57,487 INFO Normal : suitcase (50.0%)
2025-10-28 08:28:57,487 INFO Normal : backpack (53.3%)
2025-10-28 08:28:57,554 INFO Normal : chair (82.0%)
2025-10-28 08:28:57,555 INFO Normal : handbag (64.4%)
2025-10-28 08:28:57,623 INFO Normal : chair (78.8%)
2025-10-28 08:28:57,623 INFO Normal : handbag (65.6%)
2025-10-28 08:28:57,623 INFO Normal : suitcase (59.6%)
2025-10-28 08:28:57,686 INFO Normal : chair (86.2%)
2025-10-28 08:28:57,687 INFO Normal : suitcase (59.4%)
2025-10-28 08:28:57,687 INFO Normal : handbag (65.7%)
2025-10-28 08:28:57,754 INFO Normal : chair (73.0%)
2025-10-28 08:28:57,818 INFO Normal : suitcase (59.2%)
2025-10-28 08:28:57,885 INFO ANOMALY: person (86.2%)
2025-10-28 08:28:58,019 INFO Saved snapshot: /jetson-inference/data/assignment/anomaly_images/anomaly_20251028_082857.jpg
2025-10-28 08:28:58,035 INFO Normal : bicycle (52.9%)
2025-10-28 08:28:58,036 INFO Normal : bicycle (84.0%)
2025-10-28 08:28:58,149 INFO ANOMALY: person (53.3%)
2025-10-28 08:28:58,275 INFO Saved snapshot: /jetson-inference/data/assignment/anomaly_images/anomaly_20251028_082858.jpg
2025-10-28 08:28:58,349 INFO ANOMALY: person (73.7%)
2025-10-28 08:28:58,470 INFO Saved snapshot: /jetson-inference/data/assignment/anomaly_images/anomaly_20251028_082858.jpg
2025-10-28 08:28:58,547 INFO Normal : traffic light (51.5%)
2025-10-28 08:28:58,612 INFO Normal : traffic light (75.8%)
2025-10-28 08:28:58,680 INFO Normal : traffic light (50.4%)
2025-10-28 08:28:58,749 INFO Normal : chair (57.0%)
2025-10-28 08:28:58,749 INFO Normal : traffic light (57.6%)
2025-10-28 08:28:58,749 INFO Normal : chair (67.0%)
2025-10-28 08:28:58,813 INFO Normal : cat (65.5%)
2025-10-28 08:28:58,881 INFO Normal : traffic light (93.8%)
2025-10-28 08:28:58,945 INFO Normal : traffic light (82.7%)
2025-10-28 08:28:59,277 INFO Normal : chair (53.1%)
2025-10-28 08:28:59,345 INFO Normal : chair (65.3%)
2025-10-28 08:28:59,346 INFO Normal : traffic light (61.4%)
2025-10-28 08:28:59,413 INFO Normal : traffic light (80.0%)
2025-10-28 08:28:59,609 INFO Normal : chair (51.2%)
2025-10-28 08:28:59,609 INFO Normal : chair (59.2%)
2025-10-28 08:28:59,677 INFO Normal : traffic light (54.8%)
2025-10-28 08:28:59,745 INFO Normal : chair (54.3%)
2025-10-28 08:28:59,745 INFO Normal : traffic light (67.3%)
2025-10-28 08:28:59,877 INFO Normal : traffic light (55.4%)
2025-10-28 08:28:59,941 INFO Normal : traffic light (77.5%)
2025-10-28 08:29:00,012 INFO Normal : traffic light (94.8%)
2025-10-28 08:29:00,141 INFO Normal : traffic light (72.2%)
2025-10-28 08:29:00,209 INFO Normal : chair (70.1%)
2025-10-28 08:29:00,273 INFO Normal : chair (73.2%)
2025-10-28 08:29:00,273 INFO Normal : chair (53.9%)
2025-10-28 08:29:00,341 INFO Normal : chair (79.0%)
2025-10-28 08:29:00,409 INFO Normal : chair (56.9%)
2025-10-28 08:29:00,873 INFO Normal : traffic light (92.2%)
2025-10-28 08:29:00,936 INFO Normal : traffic light (92.7%)
2025-10-28 08:29:01,005 INFO Normal : traffic light (95.0%)
2025-10-28 08:29:01,069 INFO Normal : traffic light (94.5%)
2025-10-28 08:29:01,136 INFO Normal : traffic light (93.7%)
2025-10-28 08:29:01,205 INFO Normal : chair (59.3%)
2025-10-28 08:29:01,206 INFO Normal : traffic light (84.6%)
2025-10-28 08:29:01,269 INFO Normal : traffic light (90.7%)
2025-10-28 08:29:01,337 INFO Normal : traffic light (85.0%)
2025-10-28 08:29:01,401 INFO Normal : traffic light (77.5%)
2025-10-28 08:29:01,537 INFO Normal : traffic light (89.6%)
2025-10-28 08:29:01,601 INFO Normal : traffic light (85.4%)
2025-10-28 08:29:01,669 INFO Normal : traffic light (90.3%)
2025-10-28 08:29:01,733 INFO Normal : traffic light (90.0%)
2025-10-28 08:29:01,802 INFO Normal : traffic light (89.6%)
2025-10-28 08:29:01,870 INFO Normal : traffic light (91.2%)
2025-10-28 08:29:01,934 INFO Normal : traffic light (89.6%)
2025-10-28 08:29:02,002 INFO Normal : traffic light (92.8%)
2025-10-28 08:29:02,066 INFO Normal : traffic light (74.8%)
2025-10-28 08:29:02,134 INFO Normal : traffic light (88.4%)
2025-10-28 08:29:02,202 INFO Normal : traffic light (89.3%)
2025-10-28 08:29:02,266 INFO Normal : traffic light (96.6%)
2025-10-28 08:29:02,334 INFO Normal : chair (62.9%)
2025-10-28 08:29:02,334 INFO Normal : traffic light (75.8%)
2025-10-28 08:29:02,335 INFO Normal : cat (59.8%)
2025-10-28 08:29:02,398 INFO Normal : traffic light (72.6%)
2025-10-28 08:29:02,466 INFO Normal : chair (56.1%)
2025-10-28 08:29:02,466 INFO Normal : traffic light (82.1%)
2025-10-28 08:29:02,534 INFO Normal : traffic light (95.5%)
2025-10-28 08:29:02,598 INFO Normal : chair (73.0%)
2025-10-28 08:29:02,599 INFO Normal : traffic light (80.8%)
2025-10-28 08:29:02,666 INFO Normal : chair (61.2%)
2025-10-28 08:29:02,667 INFO Normal : traffic light (82.3%)
2025-10-28 08:29:02,730 INFO Normal : traffic light (78.9%)
2025-10-28 08:29:02,730 INFO Normal : cat (63.5%)
2025-10-28 08:29:02,866 INFO Normal : chair (60.4%)
2025-10-28 08:29:02,930 INFO Normal : chair (59.2%)
2025-10-28 08:29:02,998 INFO Normal : traffic light (52.8%)
2025-10-28 08:29:02,999 INFO Normal : cat (64.9%)
2025-10-28 08:29:03,130 INFO Normal : traffic light (69.3%)
2025-10-28 08:29:03,262 INFO Normal : chair (64.2%)
2025-10-28 08:29:03,263 INFO Normal : traffic light (57.7%)
2025-10-28 08:29:03,394 INFO Normal : chair (67.6%)
2025-10-28 08:29:03,395 INFO Normal : traffic light (53.7%)
2025-10-28 08:29:03,462 INFO Normal : chair (55.1%)
2025-10-28 08:29:03,526 INFO Normal : traffic light (72.2%)
2025-10-28 08:29:03,594 INFO Normal : chair (54.0%)
2025-10-28 08:29:03,662 INFO Normal : traffic light (76.1%)
2025-10-28 08:29:03,663 INFO Normal : cat (67.5%)
2025-10-28 08:29:03,726 INFO Normal : traffic light (76.5%)
2025-10-28 08:29:03,858 INFO Normal : chair (61.8%)
2025-10-28 08:29:03,859 INFO Normal : cat (59.9%)
2025-10-28 08:29:03,926 INFO Normal : chair (51.4%)
2025-10-28 08:29:03,994 INFO Normal : chair (74.4%)
2025-10-28 08:29:03,995 INFO Normal : traffic light (50.8%)
2025-10-28 08:29:04,058 INFO Normal : traffic light (61.2%)
2025-10-28 08:29:04,126 INFO Normal : traffic light (70.9%)
2025-10-28 08:29:04,127 INFO Normal : cat (64.6%)
2025-10-28 08:29:04,190 INFO Normal : chair (68.8%)
2025-10-28 08:29:04,191 INFO Normal : traffic light (77.7%)
2025-10-28 08:29:04,258 INFO Normal : chair (54.9%)
2025-10-28 08:29:04,259 INFO Normal : traffic light (68.7%)
2025-10-28 08:29:04,259 INFO Normal : cat (63.0%)
2025-10-28 08:29:04,326 INFO Normal : chair (77.9%)
2025-10-28 08:29:04,327 INFO Normal : traffic light (65.9%)
2025-10-28 08:29:04,390 INFO Normal : chair (61.3%)
2025-10-28 08:29:04,459 INFO Normal : chair (75.4%)
2025-10-28 08:29:04,522 INFO Normal : chair (52.5%)
2025-10-28 08:29:04,590 INFO Normal : traffic light (79.9%)
2025-10-28 08:29:04,658 INFO Normal : traffic light (61.7%)
2025-10-28 08:29:04,790 INFO Normal : bench (66.4%)
2025-10-28 08:29:04,854 INFO Normal : bench (58.3%)
2025-10-28 08:29:05,054 INFO Normal : bicycle (67.6%)
2025-10-28 08:29:05,054 INFO ANOMALY: person (82.8%)
2025-10-28 08:29:05,209 INFO Saved snapshot: /jetson-inference/data/assignment/anomaly_images/anomaly_20251028_082905.jpg
2025-10-28 08:29:05,585 INFO ANOMALY: laptop (62.2%)
2025-10-28 08:29:05,718 INFO Saved snapshot: /jetson-inference/data/assignment/anomaly_images/anomaly_20251028_082905.jpg
2025-10-28 08:29:05,849 INFO ANOMALY: laptop (86.1%)
2025-10-28 08:29:05,977 INFO Saved snapshot: /jetson-inference/data/assignment/anomaly_images/anomaly_20251028_082905.jpg
2025-10-28 08:29:05,992 INFO Normal : keyboard (56.6%)
2025-10-28 08:29:06,117 INFO Normal : bed (82.6%)
2025-10-28 08:29:06,249 INFO ANOMALY: laptop (87.7%)
2025-10-28 08:29:06,250 INFO Normal : keyboard (66.7%)
2025-10-28 08:29:06,385 INFO Saved snapshot: /jetson-inference/data/assignment/anomaly_images/anomaly_20251028_082906.jpg
2025-10-28 08:29:06,400 INFO ANOMALY: laptop (81.4%)
2025-10-28 08:29:06,525 INFO Saved snapshot: /jetson-inference/data/assignment/anomaly_images/anomaly_20251028_082906.jpg
2025-10-28 08:29:06,542 INFO Normal : keyboard (72.6%)
2025-10-28 08:29:06,583 INFO Normal : keyboard (77.2%)
2025-10-28 08:29:06,643 INFO ANOMALY: laptop (91.4%)
2025-10-28 08:29:06,766 INFO Saved snapshot: /jetson-inference/data/assignment/anomaly_images/anomaly_20251028_082906.jpg
2025-10-28 08:29:06,779 INFO ANOMALY: laptop (88.9%)
2025-10-28 08:29:06,903 INFO Saved snapshot: /jetson-inference/data/assignment/anomaly_images/anomaly_20251028_082906.jpg
2025-10-28 08:29:06,919 INFO ANOMALY: laptop (90.0%)
2025-10-28 08:29:07,050 INFO Saved snapshot: /jetson-inference/data/assignment/anomaly_images/anomaly_20251028_082906.jpg
2025-10-28 08:29:07,063 INFO ANOMALY: laptop (89.8%)
2025-10-28 08:29:07,198 INFO Saved snapshot: /jetson-inference/data/assignment/anomaly_images/anomaly_20251028_082907.jpg
2025-10-28 08:29:07,200 INFO Exit: output closed
